\BOOKMARK [1][-]{section.1}{Abstract}{}% 1
\BOOKMARK [1][-]{section.2}{Introduction}{}% 2
\BOOKMARK [1][-]{section.3}{Literature review }{}% 3
\BOOKMARK [2][-]{subsection.3.1}{Dealing with False Positives}{section.3}% 4
\BOOKMARK [3][-]{subsubsection.3.1.1}{Single Tool}{subsection.3.1}% 5
\BOOKMARK [3][-]{subsubsection.3.1.2}{Multiple Tools}{subsection.3.1}% 6
\BOOKMARK [3][-]{subsubsection.3.1.3}{Literature review papers}{subsection.3.1}% 7
\BOOKMARK [3][-]{subsubsection.3.1.4}{Comparative studies}{subsection.3.1}% 8
\BOOKMARK [2][-]{subsection.3.2}{Bug Prediction}{section.3}% 9
\BOOKMARK [2][-]{subsection.3.3}{Static Analysis tools in practice}{section.3}% 10
\BOOKMARK [1][-]{section.4}{Problem statement}{}% 11
\BOOKMARK [1][-]{section.5}{Ranking the output of Static Analysis}{}% 12
\BOOKMARK [2][-]{subsection.5.1}{Collecting data}{section.5}% 13
\BOOKMARK [3][-]{subsubsection.5.1.1}{Clang AST}{subsection.5.1}% 14
\BOOKMARK [3][-]{subsubsection.5.1.2}{Clang Tidy}{subsection.5.1}% 15
\BOOKMARK [3][-]{subsubsection.5.1.3}{Workflow for collecting information }{subsection.5.1}% 16
\BOOKMARK [3][-]{subsubsection.5.1.4}{Assumptions made for collected data}{subsection.5.1}% 17
\BOOKMARK [2][-]{subsection.5.2}{Data overview}{section.5}% 18
\BOOKMARK [2][-]{subsection.5.3}{Dealing with unbalanced and noisy data}{section.5}% 19
\BOOKMARK [2][-]{subsection.5.4}{Feedback Rank and Z-Score}{section.5}% 20
\BOOKMARK [3][-]{subsubsection.5.4.1}{Z-Score}{subsection.5.4}% 21
\BOOKMARK [2][-]{subsection.5.5}{Detecting Actionable Alerts via Machine Learning}{section.5}% 22
\BOOKMARK [3][-]{subsubsection.5.5.1}{Alert Characteristics}{subsection.5.5}% 23
\BOOKMARK [3][-]{subsubsection.5.5.2}{Pre-processing data}{subsection.5.5}% 24
\BOOKMARK [2][-]{subsection.5.6}{Bug related lines}{section.5}% 25
\BOOKMARK [2][-]{subsection.5.7}{Bug prediction}{section.5}% 26
\BOOKMARK [2][-]{subsection.5.8}{Combining the techniques}{section.5}% 27
\BOOKMARK [3][-]{subsubsection.5.8.1}{How to combine the strengths?}{subsection.5.8}% 28
\BOOKMARK [3][-]{subsubsection.5.8.2}{Better results?}{subsection.5.8}% 29
\BOOKMARK [2][-]{subsection.5.9}{Evaluation methods}{section.5}% 30
\BOOKMARK [3][-]{subsubsection.5.9.1}{Evaluation Metrics}{subsection.5.9}% 31
\BOOKMARK [3][-]{subsubsection.5.9.2}{Preparing the dataset}{subsection.5.9}% 32
\BOOKMARK [2][-]{subsection.5.10}{Results of individual tools}{section.5}% 33
\BOOKMARK [3][-]{subsubsection.5.10.1}{Random test set}{subsection.5.10}% 34
\BOOKMARK [3][-]{subsubsection.5.10.2}{Release based testing}{subsection.5.10}% 35
\BOOKMARK [3][-]{subsubsection.5.10.3}{Alert ratio}{subsection.5.10}% 36
\BOOKMARK [3][-]{subsubsection.5.10.4}{Average false positives to inspect}{subsection.5.10}% 37
\BOOKMARK [1][-]{section.6}{Conclusions}{}% 38
\BOOKMARK [2][-]{subsection.6.1}{Conclusions}{section.6}% 39
\BOOKMARK [2][-]{subsection.6.2}{Summary of Contributions}{section.6}% 40
\BOOKMARK [2][-]{subsection.6.3}{Future Research}{section.6}% 41
\BOOKMARK [1][-]{section.7}{Background information}{}% 42
